app/build/intermediates/manifest_merge_blame_file/debug/manifest-merger-blame-debug-report.txt
1<?xml version="1.0" encoding="utf-8"?>
2<manifest xmlns:android="http://schemas.android.com/apk/res/android"
3    package="com.example.getfame"
4    android:versionCode="1"
5    android:versionName="1.0" >
6
7    <uses-sdk
8        android:minSdkVersion="21"
8-->src\main\AndroidManifest.xml
9        android:targetSdkVersion="30" />
9-->src\main\AndroidManifest.xml
10
11    <uses-feature android:name="android.hardware.camera.any" />
11-->src\main\AndroidManifest.xml:5:5-64
11-->src\main\AndroidManifest.xml:5:19-61
12
13    <uses-permission android:name="android.permission.CAMERA" />
13-->src\main\AndroidManifest.xml:7:5-65
13-->src\main\AndroidManifest.xml:7:22-62
14    <uses-permission android:name="android.permission.READ_EXTERNAL_STORAGE" />
14-->src\main\AndroidManifest.xml:8:5-80
14-->src\main\AndroidManifest.xml:8:22-77
15    <uses-permission android:name="android.permission.WRITE_EXTERNAL_STORAGE" />
15-->src\main\AndroidManifest.xml:9:5-81
15-->src\main\AndroidManifest.xml:9:22-78
16
17    <!-- Although the *SdkVersion is captured in gradle build files, this is required for non gradle builds -->
18    <!-- <uses-sdk android:minSdkVersion="14" /> -->
19    <uses-permission android:name="android.permission.ACCESS_NETWORK_STATE" />
19-->[com.google.firebase:firebase-firestore:21.5.0] AndroidManifest.xml:13:5-79
19-->[com.google.firebase:firebase-firestore:21.5.0] AndroidManifest.xml:13:22-76
20    <uses-permission android:name="android.permission.INTERNET" />
20-->[com.google.firebase:firebase-firestore:21.5.0] AndroidManifest.xml:14:5-67
20-->[com.google.firebase:firebase-firestore:21.5.0] AndroidManifest.xml:14:22-64
21
22    <application
22-->src\main\AndroidManifest.xml:11:5-35:19
23        android:allowBackup="true"
23-->src\main\AndroidManifest.xml:12:9-35
24        android:appComponentFactory="androidx.core.app.CoreComponentFactory"
24-->[androidx.core:core:1.3.0] AndroidManifest.xml:24:18-86
25        android:debuggable="true"
26        android:icon="@mipmap/ic_launcher"
26-->src\main\AndroidManifest.xml:13:9-43
27        android:label="@string/app_name"
27-->src\main\AndroidManifest.xml:14:9-41
28        android:roundIcon="@mipmap/ic_launcher_round"
28-->src\main\AndroidManifest.xml:15:9-54
29        android:supportsRtl="true"
29-->src\main\AndroidManifest.xml:16:9-35
30        android:testOnly="true"
31        android:theme="@style/AppTheme" >
31-->src\main\AndroidManifest.xml:17:9-40
32        <activity android:name="com.example.getfame.View.FriendsActivity" />
32-->src\main\AndroidManifest.xml:18:9-67
32-->src\main\AndroidManifest.xml:18:19-55
33        <activity android:name="com.example.getfame.View.CameraImageDisplay" />
33-->src\main\AndroidManifest.xml:19:9-61
33-->src\main\AndroidManifest.xml:19:19-58
34        <activity
34-->src\main\AndroidManifest.xml:20:9-22:52
35            android:name="com.example.getfame.View.CameraActivity"
35-->src\main\AndroidManifest.xml:21:13-48
36            android:screenOrientation="portrait" />
36-->src\main\AndroidManifest.xml:22:13-49
37        <activity
37-->src\main\AndroidManifest.xml:23:9-25:52
38            android:name="com.example.getfame.View.HomeActivity"
38-->src\main\AndroidManifest.xml:24:13-46
39            android:screenOrientation="portrait" />
39-->src\main\AndroidManifest.xml:25:13-49
40        <activity android:name="com.example.getfame.View.SignUpActivity" />
40-->src\main\AndroidManifest.xml:26:9-57
40-->src\main\AndroidManifest.xml:26:19-54
41        <activity android:name="com.example.getfame.View.LoginActivity" />
41-->src\main\AndroidManifest.xml:27:9-56
41-->src\main\AndroidManifest.xml:27:19-53
42        <activity android:name="com.example.getfame.View.MainActivity" >
42-->src\main\AndroidManifest.xml:28:9-34:20
42-->src\main\AndroidManifest.xml:28:19-52
43            <intent-filter>
43-->src\main\AndroidManifest.xml:29:13-33:29
44                <action android:name="android.intent.action.MAIN" />
44-->src\main\AndroidManifest.xml:30:17-69
44-->src\main\AndroidManifest.xml:30:25-66
45
46                <category android:name="android.intent.category.LAUNCHER" />
46-->src\main\AndroidManifest.xml:32:17-77
46-->src\main\AndroidManifest.xml:32:27-74
47            </intent-filter>
48        </activity>
49        <activity
49-->[com.google.firebase:firebase-auth:19.3.2] AndroidManifest.xml:24:9-31:50
50            android:name="com.google.firebase.auth.internal.FederatedSignInActivity"
50-->[com.google.firebase:firebase-auth:19.3.2] AndroidManifest.xml:25:13-85
51            android:excludeFromRecents="true"
51-->[com.google.firebase:firebase-auth:19.3.2] AndroidManifest.xml:26:13-46
52            android:exported="true"
52-->[com.google.firebase:firebase-auth:19.3.2] AndroidManifest.xml:27:13-36
53            android:launchMode="singleTask"
53-->[com.google.firebase:firebase-auth:19.3.2] AndroidManifest.xml:28:13-44
54            android:permission="com.google.firebase.auth.api.gms.permission.LAUNCH_FEDERATED_SIGN_IN"
54-->[com.google.firebase:firebase-auth:19.3.2] AndroidManifest.xml:29:13-102
55            android:theme="@android:style/Theme.Translucent.NoTitleBar" />
55-->[com.google.firebase:firebase-auth:19.3.2] AndroidManifest.xml:30:13-72
56
57        <service
57-->[com.google.firebase:firebase-auth:19.3.2] AndroidManifest.xml:33:9-39:19
58            android:name="com.google.firebase.components.ComponentDiscoveryService"
58-->[com.google.firebase:firebase-auth:19.3.2] AndroidManifest.xml:34:13-84
59            android:directBootAware="true"
59-->[com.google.firebase:firebase-common:19.3.0] AndroidManifest.xml:34:13-43
60            android:exported="false" >
60-->[com.google.firebase:firebase-auth:19.3.2] AndroidManifest.xml:35:13-37
61            <meta-data
61-->[com.google.firebase:firebase-auth:19.3.2] AndroidManifest.xml:36:13-38:85
62                android:name="com.google.firebase.components:com.google.firebase.auth.FirebaseAuthRegistrar"
62-->[com.google.firebase:firebase-auth:19.3.2] AndroidManifest.xml:37:17-109
63                android:value="com.google.firebase.components.ComponentRegistrar" />
63-->[com.google.firebase:firebase-auth:19.3.2] AndroidManifest.xml:38:17-82
64            <meta-data
64-->[com.google.firebase:firebase-firestore:21.5.0] AndroidManifest.xml:20:13-22:85
65                android:name="com.google.firebase.components:com.google.firebase.firestore.FirestoreRegistrar"
65-->[com.google.firebase:firebase-firestore:21.5.0] AndroidManifest.xml:21:17-111
66                android:value="com.google.firebase.components.ComponentRegistrar" />
66-->[com.google.firebase:firebase-firestore:21.5.0] AndroidManifest.xml:22:17-82
67            <meta-data
67-->[com.google.firebase:firebase-storage:19.1.1] AndroidManifest.xml:33:13-35:85
68                android:name="com.google.firebase.components:com.google.firebase.storage.StorageRegistrar"
68-->[com.google.firebase:firebase-storage:19.1.1] AndroidManifest.xml:34:17-107
69                android:value="com.google.firebase.components.ComponentRegistrar" />
69-->[com.google.firebase:firebase-storage:19.1.1] AndroidManifest.xml:35:17-82
70        </service>
71
72        <activity
72-->[com.google.android.gms:play-services-base:17.1.0] AndroidManifest.xml:23:9-26:75
73            android:name="com.google.android.gms.common.api.GoogleApiActivity"
73-->[com.google.android.gms:play-services-base:17.1.0] AndroidManifest.xml:24:13-79
74            android:exported="false"
74-->[com.google.android.gms:play-services-base:17.1.0] AndroidManifest.xml:25:13-37
75            android:theme="@android:style/Theme.Translucent.NoTitleBar" />
75-->[com.google.android.gms:play-services-base:17.1.0] AndroidManifest.xml:26:13-72
76
77        <provider
77-->[com.google.firebase:firebase-common:19.3.0] AndroidManifest.xml:26:9-30:39
78            android:name="com.google.firebase.provider.FirebaseInitProvider"
78-->[com.google.firebase:firebase-common:19.3.0] AndroidManifest.xml:27:13-77
79            android:authorities="com.example.getfame.firebaseinitprovider"
79-->[com.google.firebase:firebase-common:19.3.0] AndroidManifest.xml:28:13-72
80            android:exported="false"
80-->[com.google.firebase:firebase-common:19.3.0] AndroidManifest.xml:29:13-37
81            android:initOrder="100" />
81-->[com.google.firebase:firebase-common:19.3.0] AndroidManifest.xml:30:13-36
82
83        <meta-data
83-->[com.google.android.gms:play-services-basement:17.0.0] AndroidManifest.xml:23:9-25:69
84            android:name="com.google.android.gms.version"
84-->[com.google.android.gms:play-services-basement:17.0.0] AndroidManifest.xml:24:13-58
85            android:value="@integer/google_play_services_version" />
85-->[com.google.android.gms:play-services-basement:17.0.0] AndroidManifest.xml:25:13-66
86
87        <uses-library
87-->[androidx.camera:camera-extensions:1.0.0-alpha15] AndroidManifest.xml:25:9-27:40
88            android:name="androidx.camera.extensions.impl"
88-->[androidx.camera:camera-extensions:1.0.0-alpha15] AndroidManifest.xml:26:13-59
89            android:required="false" />
89-->[androidx.camera:camera-extensions:1.0.0-alpha15] AndroidManifest.xml:27:13-37
90    </application>
91
92</manifest>